2024-02-13T13:17:22.277+05:30  INFO 11076 --- [restartedMain] c.e.L.LearningPortalApplication          : Starting LearningPortalApplication using Java 17.0.10 with PID 11076 (D:\EffiGo_training\SpringBoot Training\LearningPortal\target\classes started by Satvik in D:\EffiGo_training\SpringBoot Training\LearningPortal)
2024-02-13T13:17:22.280+05:30  INFO 11076 --- [restartedMain] c.e.L.LearningPortalApplication          : No active profile set, falling back to 1 default profile: "default"
2024-02-13T13:17:22.335+05:30  INFO 11076 --- [restartedMain] .e.DevToolsPropertyDefaultsPostProcessor : Devtools property defaults active! Set 'spring.devtools.add-properties' to 'false' to disable
2024-02-13T13:17:22.336+05:30  INFO 11076 --- [restartedMain] .e.DevToolsPropertyDefaultsPostProcessor : For additional web related logging consider setting the 'logging.level.web' property to 'DEBUG'
2024-02-13T13:17:23.110+05:30  INFO 11076 --- [restartedMain] .s.d.r.c.RepositoryConfigurationDelegate : Multiple Spring Data modules found, entering strict repository configuration mode
2024-02-13T13:17:23.112+05:30  INFO 11076 --- [restartedMain] .s.d.r.c.RepositoryConfigurationDelegate : Bootstrapping Spring Data JDBC repositories in DEFAULT mode.
2024-02-13T13:17:23.143+05:30  INFO 11076 --- [restartedMain] .RepositoryConfigurationExtensionSupport : Spring Data JDBC - Could not safely identify store assignment for repository candidate interface com.example.LearningPortal.repo.CategoryRepository; If you want this repository to be a JDBC repository, consider annotating your entities with one of these annotations: org.springframework.data.relational.core.mapping.Table.
2024-02-13T13:17:23.145+05:30  INFO 11076 --- [restartedMain] .RepositoryConfigurationExtensionSupport : Spring Data JDBC - Could not safely identify store assignment for repository candidate interface com.example.LearningPortal.repo.CourseRepository; If you want this repository to be a JDBC repository, consider annotating your entities with one of these annotations: org.springframework.data.relational.core.mapping.Table.
2024-02-13T13:17:23.146+05:30  INFO 11076 --- [restartedMain] .RepositoryConfigurationExtensionSupport : Spring Data JDBC - Could not safely identify store assignment for repository candidate interface com.example.LearningPortal.repo.EnrollmentRepository; If you want this repository to be a JDBC repository, consider annotating your entities with one of these annotations: org.springframework.data.relational.core.mapping.Table.
2024-02-13T13:17:23.147+05:30  INFO 11076 --- [restartedMain] .RepositoryConfigurationExtensionSupport : Spring Data JDBC - Could not safely identify store assignment for repository candidate interface com.example.LearningPortal.repo.FavoriteRepository; If you want this repository to be a JDBC repository, consider annotating your entities with one of these annotations: org.springframework.data.relational.core.mapping.Table.
2024-02-13T13:17:23.149+05:30  INFO 11076 --- [restartedMain] .RepositoryConfigurationExtensionSupport : Spring Data JDBC - Could not safely identify store assignment for repository candidate interface com.example.LearningPortal.repo.UserRepository; If you want this repository to be a JDBC repository, consider annotating your entities with one of these annotations: org.springframework.data.relational.core.mapping.Table.
2024-02-13T13:17:23.149+05:30  INFO 11076 --- [restartedMain] .s.d.r.c.RepositoryConfigurationDelegate : Finished Spring Data repository scanning in 32 ms. Found 0 JDBC repository interfaces.
2024-02-13T13:17:23.161+05:30  INFO 11076 --- [restartedMain] .s.d.r.c.RepositoryConfigurationDelegate : Multiple Spring Data modules found, entering strict repository configuration mode
2024-02-13T13:17:23.162+05:30  INFO 11076 --- [restartedMain] .s.d.r.c.RepositoryConfigurationDelegate : Bootstrapping Spring Data JPA repositories in DEFAULT mode.
2024-02-13T13:17:23.194+05:30  INFO 11076 --- [restartedMain] .s.d.r.c.RepositoryConfigurationDelegate : Finished Spring Data repository scanning in 27 ms. Found 5 JPA repository interfaces.
2024-02-13T13:17:23.717+05:30  INFO 11076 --- [restartedMain] o.s.b.w.embedded.tomcat.TomcatWebServer  : Tomcat initialized with port 8080 (http)
2024-02-13T13:17:23.728+05:30  INFO 11076 --- [restartedMain] o.apache.catalina.core.StandardService   : Starting service [Tomcat]
2024-02-13T13:17:23.729+05:30  INFO 11076 --- [restartedMain] o.apache.catalina.core.StandardEngine    : Starting Servlet engine: [Apache Tomcat/10.1.18]
2024-02-13T13:17:23.784+05:30  INFO 11076 --- [restartedMain] o.a.c.c.C.[Tomcat].[localhost].[/]       : Initializing Spring embedded WebApplicationContext
2024-02-13T13:17:23.785+05:30  INFO 11076 --- [restartedMain] w.s.c.ServletWebServerApplicationContext : Root WebApplicationContext: initialization completed in 1436 ms
2024-02-13T13:17:23.953+05:30  INFO 11076 --- [restartedMain] o.hibernate.jpa.internal.util.LogHelper  : HHH000204: Processing PersistenceUnitInfo [name: default]
2024-02-13T13:17:24.017+05:30  INFO 11076 --- [restartedMain] org.hibernate.Version                    : HHH000412: Hibernate ORM core version 6.4.1.Final
2024-02-13T13:17:24.053+05:30  INFO 11076 --- [restartedMain] o.h.c.internal.RegionFactoryInitiator    : HHH000026: Second-level cache disabled
2024-02-13T13:17:24.308+05:30  INFO 11076 --- [restartedMain] o.s.o.j.p.SpringPersistenceUnitInfo      : No LoadTimeWeaver setup: ignoring JPA class transformer
2024-02-13T13:17:24.336+05:30  INFO 11076 --- [restartedMain] com.zaxxer.hikari.HikariDataSource       : HikariPool-1 - Starting...
2024-02-13T13:17:24.532+05:30  INFO 11076 --- [restartedMain] com.zaxxer.hikari.pool.HikariPool        : HikariPool-1 - Added connection org.postgresql.jdbc.PgConnection@a43cd7c
2024-02-13T13:17:24.534+05:30  INFO 11076 --- [restartedMain] com.zaxxer.hikari.HikariDataSource       : HikariPool-1 - Start completed.
2024-02-13T13:17:24.570+05:30  WARN 11076 --- [restartedMain] org.hibernate.orm.deprecation            : HHH90000025: PostgreSQLDialect does not need to be specified explicitly using 'hibernate.dialect' (remove the property setting and it will be selected by default)
2024-02-13T13:17:25.770+05:30  INFO 11076 --- [restartedMain] o.h.e.t.j.p.i.JtaPlatformInitiator       : HHH000489: No JTA platform available (set 'hibernate.transaction.jta.platform' to enable JTA platform integration)
2024-02-13T13:17:25.904+05:30  INFO 11076 --- [restartedMain] j.LocalContainerEntityManagerFactoryBean : Initialized JPA EntityManagerFactory for persistence unit 'default'
2024-02-13T13:17:26.225+05:30  INFO 11076 --- [restartedMain] o.s.d.j.r.query.QueryEnhancerFactory     : JSqlParser is in classpath; If applicable, JSqlParser will be used
2024-02-13T13:17:26.226+05:30  INFO 11076 --- [restartedMain] o.s.d.j.r.query.QueryEnhancerFactory     : Hibernate is in classpath; If applicable, HQL parser will be used.
2024-02-13T13:17:26.383+05:30  WARN 11076 --- [restartedMain] JpaBaseConfiguration$JpaWebConfiguration : spring.jpa.open-in-view is enabled by default. Therefore, database queries may be performed during view rendering. Explicitly configure spring.jpa.open-in-view to disable this warning
2024-02-13T13:17:26.804+05:30  INFO 11076 --- [restartedMain] o.s.b.d.a.OptionalLiveReloadServer       : LiveReload server is running on port 35729
2024-02-13T13:17:26.839+05:30  INFO 11076 --- [restartedMain] o.s.b.w.embedded.tomcat.TomcatWebServer  : Tomcat started on port 8080 (http) with context path '/'
2024-02-13T13:17:26.850+05:30  INFO 11076 --- [restartedMain] c.e.L.LearningPortalApplication          : Started LearningPortalApplication in 5.026 seconds (process running for 6.139)
2024-02-13T13:17:44.091+05:30  INFO 11076 --- [http-nio-8080-exec-1] o.a.c.c.C.[Tomcat].[localhost].[/]       : Initializing Spring DispatcherServlet 'dispatcherServlet'
2024-02-13T13:17:44.092+05:30  INFO 11076 --- [http-nio-8080-exec-1] o.s.web.servlet.DispatcherServlet        : Initializing Servlet 'dispatcherServlet'
2024-02-13T13:17:44.094+05:30  INFO 11076 --- [http-nio-8080-exec-1] o.s.web.servlet.DispatcherServlet        : Completed initialization in 2 ms
2024-02-13T13:17:44.200+05:30  INFO 11076 --- [http-nio-8080-exec-1] c.e.L.service.CourseService              :  Fetched 
2024-02-13T13:18:02.848+05:30  INFO 11076 --- [http-nio-8080-exec-4] c.e.L.service.CourseService              :  Fetched 
2024-02-13T14:18:29.330+05:30  WARN 11076 --- [HikariPool-1 housekeeper] com.zaxxer.hikari.pool.HikariPool        : HikariPool-1 - Thread starvation or clock leap detected (housekeeper delta=56m44s207ms52µs).
2024-02-13T16:33:45.946+05:30  WARN 11076 --- [HikariPool-1 housekeeper] com.zaxxer.hikari.pool.HikariPool        : HikariPool-1 - Thread starvation or clock leap detected (housekeeper delta=25m44s979ms330µs300ns).
2024-02-13T16:55:34.236+05:30  INFO 11076 --- [File Watcher] rtingClassPathChangeChangedEventListener : Restarting due to 1 class path change (0 additions, 0 deletions, 1 modification)
2024-02-13T16:55:34.297+05:30  INFO 11076 --- [Thread-5] j.LocalContainerEntityManagerFactoryBean : Closing JPA EntityManagerFactory for persistence unit 'default'
2024-02-13T16:55:34.312+05:30  INFO 11076 --- [Thread-5] com.zaxxer.hikari.HikariDataSource       : HikariPool-1 - Shutdown initiated...
2024-02-13T16:55:34.322+05:30  INFO 11076 --- [Thread-5] com.zaxxer.hikari.HikariDataSource       : HikariPool-1 - Shutdown completed.
